<?xml version="1.0" encoding="UTF-8"?>
<!-- Generated by org.testng.reporters.JUnitXMLReporter -->
<testsuite ignored="64" hostname="DESKTOP-CPG5TUI" failures="0" tests="33" name="Automation" time="6405.118" errors="0" timestamp="2023-10-25T13:49:21 IST">
  <testcase classname="com.providio.login.tc__Login" name="loginTest" time="40.342"/>
  <testcase classname="com.RegUserWith_CreditCard.tc__BundleProductRegUser_InCC" name="bundleProduct" time="115.276"/>
  <testcase classname="com.RegUserWith_CreditCard.tc__Bundle_GcAndAllPromotions_Reg_InCC" name="bundle_GcAndAllPromotions" time="184.501"/>
  <testcase classname="com.RegUserWith_CreditCard.tc__By_BuyNow_Button" name="byNowButton" time="37.989"/>
  <testcase classname="com.RegUserWith_CreditCard.tc__PdpPage_Reg_InCC" name="PDPpage" time="180.529"/>
  <testcase classname="com.RegUserWith_CreditCard.tc__BySearchingProduct_RegUser_InCC" name="bySearchingProduct" time="106.511"/>
  <testcase classname="com.RegUserWith_CreditCard.tc__OnlyGiftCards_Reg_InCC" name="OnlyGiftCards" time="91.876"/>
  <testcase classname="com.RegUserWith_CreditCard.tc__simpleProductAndGc_InCC" name="simpleProduct_Gc" time="122.47"/>
  <testcase classname="com.RegUserWith_CreditCard.tc__SimpleProductRegUser_InCC" name="simpleProduct" time="102.391"/>
  <testcase classname="com.RegUserWith_CreditCard.tc__SimpleProductsAndBundle_Gc_InCC" name="simpleProducts_Bundle_Gc" time="141.886"/>
  <testcase classname="com.RegUserWith_CreditCard.tc__VariationProductRegUser_InCC" name="variationProduct" time="116.656"/>
  <testcase classname="com.RegUserWith_CreditCard.tc__ProductSetReg_InCC" name="productSet" time="177.442"/>
  <testcase classname="com.RegUserWith_GcAndCC.tc__BundleProductRegUser_InGcAndCC" name="bundleProduct" time="252.462"/>
  <testcase classname="com.RegUserWith_GcAndCC.tc__BySearchingProduct_RegUser_InGcAndCc" name="bySearchingProduct" time="269.994"/>
  <testcase classname="com.RegUserWith_GcAndCC.tc__OnlyGiftCards_Reg_InGcAndCC" name="OnlyGiftCards" time="93.959"/>
  <testcase classname="com.RegUserWith_GcAndCC.tc__OrderByGCandCC_RegUser" name="paypalFromCheckoutPage" time="331.628"/>
  <testcase classname="com.RegUserWith_GcAndCC.tc__Bundle_GcAndAllPromotions_Reg_InGcAndCC" name="bundle_GcAndAllPromotions" time="345.814"/>
  <testcase classname="com.RegUserWith_GcAndCC.tc__PdpPage_RegUser_GcAndCc" name="PDPpage" time="364.45"/>
  <testcase classname="com.RegUserWith_GcAndCC.tc__ProductSetRegUser_InGcAndCC" name="productSet" time="411.729"/>
  <testcase classname="com.RegUserWith_GcAndCC.tc__simpleProductAndGc_Reg_InGcAndCC" name="simpleProduct_Gc" time="122.102"/>
  <testcase classname="com.RegUserWith_GcAndCC.tc__SimpleProductRegUser_InGcAndCC" name="simpleProduct" time="366.876"/>
  <testcase classname="com.RegUserWith_GcAndCC.tc__SimpleProductsAndBundle_Gc_Reg_InGcAndCC" name="simpleProducts_Bundle_Gc" time="142.109"/>
  <testcase classname="com.RegUserWith_GcAndCC.tc__VariationProductRegUser_Reg_InGcAndCC" name="variationProduct" time="405.781"/>
  <testcase classname="com.RegUserWith_GiftCard.tc__Bundle_GcAndAllPromotions_Reg_InGc" name="bundle_GcAndAllPromotions" time="236.246"/>
  <testcase classname="com.RegUserWith_GiftCard.tc__BundleProductForReg_InGc" name="bundleProduct" time="214.904"/>
  <testcase classname="com.RegUserWith_GiftCard.tc__BySearchingProduct_Reg_InGc" name="bySearchingProduct" time="213.46"/>
  <testcase classname="com.RegUserWith_GiftCard.tc__OnlyGiftCards_Reg_InGc" name="OnlyGiftCards" time="87.691"/>
  <testcase classname="com.RegUserWith_GiftCard.tc__ProductSetForReg_InGc" name="productSet" time="300.688"/>
  <testcase classname="com.RegUserWith_GiftCard.tc__SimpleProductForReg_InGc" name="simpleProduct" time="235.327"/>
  <testcase classname="com.RegUserWith_GiftCard.tc__SimpleProductAndGc_Reg_InGc" name="simpleProduct_Gc" time="119.877"/>
  <testcase classname="com.RegUserWith_GiftCard.tc__SimpleProductsAndBundle_Gc_Reg_InGc" name="simpleProducts_Bundle_Gc" time="139.972"/>
  <testcase classname="com.RegUserWith_GiftCard.tc__VariationProductReg_InGc" name="variationProduct" time="240.142"/>
  <testcase classname="com.providio.logout.tc__LogOut" name="Logout" time="24.998"/>
  <testcase classname="com.providio.testcases.baseClass" name="@BeforeSuite setUpforReport" time="0.0">
    <ignored/>
  </testcase> <!-- @BeforeSuite setUpforReport -->
  <testcase classname="com.providio.testcases.baseClass" name="@AfterSuite tearDown" time="0.0">
    <ignored/>
  </testcase> <!-- @AfterSuite tearDown -->
  <testcase classname="com.providio.testcases.baseClass" name="@BeforeSuite setUpforReport" time="0.0">
    <ignored/>
  </testcase> <!-- @BeforeSuite setUpforReport -->
  <testcase classname="com.providio.testcases.baseClass" name="@AfterSuite tearDown" time="0.0">
    <ignored/>
  </testcase> <!-- @AfterSuite tearDown -->
  <testcase classname="com.providio.testcases.baseClass" name="@AfterSuite tearDown" time="0.0">
    <ignored/>
  </testcase> <!-- @AfterSuite tearDown -->
  <testcase classname="com.providio.testcases.baseClass" name="@BeforeSuite setUpforReport" time="0.0">
    <ignored/>
  </testcase> <!-- @BeforeSuite setUpforReport -->
  <testcase classname="com.providio.testcases.baseClass" name="@BeforeSuite setUpforReport" time="0.0">
    <ignored/>
  </testcase> <!-- @BeforeSuite setUpforReport -->
  <testcase classname="com.providio.testcases.baseClass" name="@AfterSuite tearDown" time="0.0">
    <ignored/>
  </testcase> <!-- @AfterSuite tearDown -->
  <testcase classname="com.providio.testcases.baseClass" name="@AfterSuite tearDown" time="0.0">
    <ignored/>
  </testcase> <!-- @AfterSuite tearDown -->
  <testcase classname="com.providio.testcases.baseClass" name="@AfterSuite tearDown" time="0.0">
    <ignored/>
  </testcase> <!-- @AfterSuite tearDown -->
  <testcase classname="com.providio.testcases.baseClass" name="@AfterSuite tearDown" time="0.0">
    <ignored/>
  </testcase> <!-- @AfterSuite tearDown -->
  <testcase classname="com.providio.testcases.baseClass" name="@AfterSuite tearDown" time="0.0">
    <ignored/>
  </testcase> <!-- @AfterSuite tearDown -->
  <testcase classname="com.providio.testcases.baseClass" name="@AfterSuite tearDown" time="0.0">
    <ignored/>
  </testcase> <!-- @AfterSuite tearDown -->
  <testcase classname="com.providio.testcases.baseClass" name="@BeforeSuite setUpforReport" time="0.0">
    <ignored/>
  </testcase> <!-- @BeforeSuite setUpforReport -->
  <testcase classname="com.providio.testcases.baseClass" name="@AfterSuite tearDown" time="0.0">
    <ignored/>
  </testcase> <!-- @AfterSuite tearDown -->
  <testcase classname="com.providio.testcases.baseClass" name="@BeforeSuite setUpforReport" time="0.0">
    <ignored/>
  </testcase> <!-- @BeforeSuite setUpforReport -->
  <testcase classname="com.providio.testcases.baseClass" name="@AfterSuite tearDown" time="0.0">
    <ignored/>
  </testcase> <!-- @AfterSuite tearDown -->
  <testcase classname="com.providio.testcases.baseClass" name="@AfterSuite tearDown" time="0.0">
    <ignored/>
  </testcase> <!-- @AfterSuite tearDown -->
  <testcase classname="com.providio.testcases.baseClass" name="@BeforeSuite setUpforReport" time="0.0">
    <ignored/>
  </testcase> <!-- @BeforeSuite setUpforReport -->
  <testcase classname="com.providio.testcases.baseClass" name="@BeforeSuite setUpforReport" time="0.0">
    <ignored/>
  </testcase> <!-- @BeforeSuite setUpforReport -->
  <testcase classname="com.providio.testcases.baseClass" name="@AfterSuite tearDown" time="0.0">
    <ignored/>
  </testcase> <!-- @AfterSuite tearDown -->
  <testcase classname="com.providio.testcases.baseClass" name="@BeforeSuite setUpforReport" time="0.0">
    <ignored/>
  </testcase> <!-- @BeforeSuite setUpforReport -->
  <testcase classname="com.providio.testcases.baseClass" name="@BeforeSuite setUpforReport" time="0.0">
    <ignored/>
  </testcase> <!-- @BeforeSuite setUpforReport -->
  <testcase classname="com.providio.testcases.baseClass" name="@BeforeSuite setUpforReport" time="0.0">
    <ignored/>
  </testcase> <!-- @BeforeSuite setUpforReport -->
  <testcase classname="com.providio.testcases.baseClass" name="@BeforeSuite setUpforReport" time="0.0">
    <ignored/>
  </testcase> <!-- @BeforeSuite setUpforReport -->
  <testcase classname="com.providio.testcases.baseClass" name="@AfterSuite tearDown" time="0.0">
    <ignored/>
  </testcase> <!-- @AfterSuite tearDown -->
  <testcase classname="com.providio.testcases.baseClass" name="@BeforeSuite setUpforReport" time="0.0">
    <ignored/>
  </testcase> <!-- @BeforeSuite setUpforReport -->
  <testcase classname="com.providio.testcases.baseClass" name="@BeforeSuite setUpforReport" time="0.0">
    <ignored/>
  </testcase> <!-- @BeforeSuite setUpforReport -->
  <testcase classname="com.providio.testcases.baseClass" name="@AfterSuite tearDown" time="0.0">
    <ignored/>
  </testcase> <!-- @AfterSuite tearDown -->
  <testcase classname="com.providio.testcases.baseClass" name="@BeforeSuite setUpforReport" time="0.0">
    <ignored/>
  </testcase> <!-- @BeforeSuite setUpforReport -->
  <testcase classname="com.providio.testcases.baseClass" name="@AfterSuite tearDown" time="0.0">
    <ignored/>
  </testcase> <!-- @AfterSuite tearDown -->
  <testcase classname="com.providio.testcases.baseClass" name="@AfterSuite tearDown" time="0.0">
    <ignored/>
  </testcase> <!-- @AfterSuite tearDown -->
  <testcase classname="com.providio.testcases.baseClass" name="@AfterSuite tearDown" time="0.0">
    <ignored/>
  </testcase> <!-- @AfterSuite tearDown -->
  <testcase classname="com.providio.testcases.baseClass" name="@BeforeSuite setUpforReport" time="0.0">
    <ignored/>
  </testcase> <!-- @BeforeSuite setUpforReport -->
  <testcase classname="com.providio.testcases.baseClass" name="@AfterSuite tearDown" time="0.0">
    <ignored/>
  </testcase> <!-- @AfterSuite tearDown -->
  <testcase classname="com.providio.testcases.baseClass" name="@BeforeSuite setUpforReport" time="0.0">
    <ignored/>
  </testcase> <!-- @BeforeSuite setUpforReport -->
  <testcase classname="com.providio.testcases.baseClass" name="@AfterSuite tearDown" time="0.0">
    <ignored/>
  </testcase> <!-- @AfterSuite tearDown -->
  <testcase classname="com.providio.testcases.baseClass" name="@BeforeSuite setUpforReport" time="0.0">
    <ignored/>
  </testcase> <!-- @BeforeSuite setUpforReport -->
  <testcase classname="com.providio.testcases.baseClass" name="@BeforeSuite setUpforReport" time="0.0">
    <ignored/>
  </testcase> <!-- @BeforeSuite setUpforReport -->
  <testcase classname="com.providio.testcases.baseClass" name="@AfterSuite tearDown" time="0.0">
    <ignored/>
  </testcase> <!-- @AfterSuite tearDown -->
  <testcase classname="com.providio.testcases.baseClass" name="@AfterSuite tearDown" time="0.0">
    <ignored/>
  </testcase> <!-- @AfterSuite tearDown -->
  <testcase classname="com.providio.testcases.baseClass" name="@BeforeSuite setUpforReport" time="0.0">
    <ignored/>
  </testcase> <!-- @BeforeSuite setUpforReport -->
  <testcase classname="com.providio.testcases.baseClass" name="@AfterSuite tearDown" time="0.0">
    <ignored/>
  </testcase> <!-- @AfterSuite tearDown -->
  <testcase classname="com.providio.testcases.baseClass" name="@BeforeSuite setUpforReport" time="0.0">
    <ignored/>
  </testcase> <!-- @BeforeSuite setUpforReport -->
  <testcase classname="com.providio.testcases.baseClass" name="@BeforeSuite setUpforReport" time="0.0">
    <ignored/>
  </testcase> <!-- @BeforeSuite setUpforReport -->
  <testcase classname="com.providio.testcases.baseClass" name="@BeforeSuite setUpforReport" time="0.0">
    <ignored/>
  </testcase> <!-- @BeforeSuite setUpforReport -->
  <testcase classname="com.providio.testcases.baseClass" name="@BeforeSuite setUpforReport" time="0.0">
    <ignored/>
  </testcase> <!-- @BeforeSuite setUpforReport -->
  <testcase classname="com.providio.testcases.baseClass" name="@AfterSuite tearDown" time="0.0">
    <ignored/>
  </testcase> <!-- @AfterSuite tearDown -->
  <testcase classname="com.providio.testcases.baseClass" name="@BeforeSuite setUpforReport" time="0.0">
    <ignored/>
  </testcase> <!-- @BeforeSuite setUpforReport -->
  <testcase classname="com.providio.testcases.baseClass" name="@AfterSuite tearDown" time="0.0">
    <ignored/>
  </testcase> <!-- @AfterSuite tearDown -->
  <testcase classname="com.providio.testcases.baseClass" name="@AfterSuite tearDown" time="0.0">
    <ignored/>
  </testcase> <!-- @AfterSuite tearDown -->
  <testcase classname="com.providio.testcases.baseClass" name="@BeforeSuite setUpforReport" time="0.0">
    <ignored/>
  </testcase> <!-- @BeforeSuite setUpforReport -->
  <testcase classname="com.providio.testcases.baseClass" name="@BeforeSuite setUpforReport" time="0.0">
    <ignored/>
  </testcase> <!-- @BeforeSuite setUpforReport -->
  <testcase classname="com.providio.testcases.baseClass" name="@BeforeSuite setUpforReport" time="0.0">
    <ignored/>
  </testcase> <!-- @BeforeSuite setUpforReport -->
  <testcase classname="com.providio.testcases.baseClass" name="@AfterSuite tearDown" time="0.0">
    <ignored/>
  </testcase> <!-- @AfterSuite tearDown -->
  <testcase classname="com.providio.testcases.baseClass" name="@AfterSuite tearDown" time="0.0">
    <ignored/>
  </testcase> <!-- @AfterSuite tearDown -->
  <testcase classname="com.providio.testcases.baseClass" name="@AfterSuite tearDown" time="0.0">
    <ignored/>
  </testcase> <!-- @AfterSuite tearDown -->
  <testcase classname="com.providio.testcases.baseClass" name="@BeforeSuite setUpforReport" time="0.0">
    <ignored/>
  </testcase> <!-- @BeforeSuite setUpforReport -->
  <testcase classname="com.providio.testcases.baseClass" name="@AfterSuite tearDown" time="0.0">
    <ignored/>
  </testcase> <!-- @AfterSuite tearDown -->
  <testcase classname="com.providio.testcases.baseClass" name="@AfterSuite tearDown" time="0.0">
    <ignored/>
  </testcase> <!-- @AfterSuite tearDown -->
  <testcase classname="com.providio.testcases.baseClass" name="@BeforeSuite setUpforReport" time="0.0">
    <ignored/>
  </testcase> <!-- @BeforeSuite setUpforReport -->
  <testcase classname="com.providio.testcases.baseClass" name="@AfterSuite tearDown" time="0.0">
    <ignored/>
  </testcase> <!-- @AfterSuite tearDown -->
  <testcase classname="com.providio.testcases.baseClass" name="@BeforeSuite setUpforReport" time="0.0">
    <ignored/>
  </testcase> <!-- @BeforeSuite setUpforReport -->
  <testcase classname="com.providio.testcases.baseClass" name="@BeforeSuite setUpforReport" time="0.0">
    <ignored/>
  </testcase> <!-- @BeforeSuite setUpforReport -->
</testsuite> <!-- Automation -->
