<?xml version="1.0" encoding="UTF-8"?>
<testng-results ignored="0" total="1" passed="1" failed="0" skipped="0">
  <reporter-output>
  </reporter-output>
  <suite started-at="2023-10-16T15:47:16 IST" name="Default suite" finished-at="2023-10-16T15:49:40 IST" duration-ms="144146">
    <groups>
    </groups>
    <test started-at="2023-10-16T15:47:16 IST" name="Default test" finished-at="2023-10-16T15:49:40 IST" duration-ms="144146">
      <class name="com.GuestUserWith_CreditCard.tc__Bundle_GcAndAllPromotions_Guest_InCC">
        <test-method is-config="true" signature="setUpforReport()[pri:0, instance:com.GuestUserWith_CreditCard.tc__Bundle_GcAndAllPromotions_Guest_InCC@630bf683]" started-at="2023-10-16T15:47:12 IST" name="setUpforReport" finished-at="2023-10-16T15:47:16 IST" duration-ms="3903" status="PASS">
          <reporter-output>
          </reporter-output>
        </test-method> <!-- setUpforReport -->
        <test-method is-config="true" signature="setUp()[pri:0, instance:com.GuestUserWith_CreditCard.tc__Bundle_GcAndAllPromotions_Guest_InCC@630bf683]" started-at="2023-10-16T15:47:16 IST" name="setUp" finished-at="2023-10-16T15:47:18 IST" duration-ms="2100" status="PASS">
          <reporter-output>
          </reporter-output>
        </test-method> <!-- setUp -->
        <test-method signature="bundle_GcAndAllPromotions()[pri:0, instance:com.GuestUserWith_CreditCard.tc__Bundle_GcAndAllPromotions_Guest_InCC@630bf683]" started-at="2023-10-16T15:47:18 IST" name="bundle_GcAndAllPromotions" finished-at="2023-10-16T15:49:40 IST" duration-ms="141983" status="PASS">
          <reporter-output>
          </reporter-output>
        </test-method> <!-- bundle_GcAndAllPromotions -->
        <test-method is-config="true" signature="afterMethod(org.testng.ITestResult)[pri:0, instance:com.GuestUserWith_CreditCard.tc__Bundle_GcAndAllPromotions_Guest_InCC@630bf683]" started-at="2023-10-16T15:49:40 IST" name="afterMethod" finished-at="2023-10-16T15:49:40 IST" duration-ms="12" status="PASS">
          <params>
            <param index="0">
              <value>
                <![CDATA[[TestResult name=bundle_GcAndAllPromotions status=SUCCESS method=tc__Bundle_GcAndAllPromotions_Guest_InCC.bundle_GcAndAllPromotions()[pri:0, instance:com.GuestUserWith_CreditCard.tc__Bundle_GcAndAllPromotions_Guest_InCC@630bf683] output={null}]]]>
              </value>
            </param>
          </params>
          <reporter-output>
          </reporter-output>
        </test-method> <!-- afterMethod -->
        <test-method is-config="true" signature="tearDown()[pri:0, instance:com.GuestUserWith_CreditCard.tc__Bundle_GcAndAllPromotions_Guest_InCC@630bf683]" started-at="2023-10-16T15:49:40 IST" name="tearDown" finished-at="2023-10-16T15:49:50 IST" duration-ms="9795" status="PASS">
          <reporter-output>
          </reporter-output>
        </test-method> <!-- tearDown -->
      </class> <!-- com.GuestUserWith_CreditCard.tc__Bundle_GcAndAllPromotions_Guest_InCC -->
    </test> <!-- Default test -->
  </suite> <!-- Default suite -->
</testng-results>
